<!DOCTYPE html>
<html>
  <head>
    <meta charset="utf-8"/>
    <title>Test Report</title>
    <link href="assets/style.css" rel="stylesheet" type="text/css"/></head>
  <body onLoad="init()">
    <script>/* This Source Code Form is subject to the terms of the Mozilla Public
 * License, v. 2.0. If a copy of the MPL was not distributed with this file,
 * You can obtain one at http://mozilla.org/MPL/2.0/. */


function toArray(iter) {
    if (iter === null) {
        return null;
    }
    return Array.prototype.slice.call(iter);
}

function find(selector, elem) {
    if (!elem) {
        elem = document;
    }
    return elem.querySelector(selector);
}

function find_all(selector, elem) {
    if (!elem) {
        elem = document;
    }
    return toArray(elem.querySelectorAll(selector));
}

function sort_column(elem) {
    toggle_sort_states(elem);
    var colIndex = toArray(elem.parentNode.childNodes).indexOf(elem);
    var key;
    if (elem.classList.contains('numeric')) {
        key = key_num;
    } else if (elem.classList.contains('result')) {
        key = key_result;
    } else {
        key = key_alpha;
    }
    sort_table(elem, key(colIndex));
}

function show_all_extras() {
    find_all('.col-result').forEach(show_extras);
}

function hide_all_extras() {
    find_all('.col-result').forEach(hide_extras);
}

function show_extras(colresult_elem) {
    var extras = colresult_elem.parentNode.nextElementSibling;
    var expandcollapse = colresult_elem.firstElementChild;
    extras.classList.remove("collapsed");
    expandcollapse.classList.remove("expander");
    expandcollapse.classList.add("collapser");
}

function hide_extras(colresult_elem) {
    var extras = colresult_elem.parentNode.nextElementSibling;
    var expandcollapse = colresult_elem.firstElementChild;
    extras.classList.add("collapsed");
    expandcollapse.classList.remove("collapser");
    expandcollapse.classList.add("expander");
}

function show_filters() {
    var filter_items = document.getElementsByClassName('filter');
    for (var i = 0; i < filter_items.length; i++)
        filter_items[i].hidden = false;
}

function add_collapse() {
    // Add links for show/hide all
    var resulttable = find('table#results-table');
    var showhideall = document.createElement("p");
    showhideall.innerHTML = '<a href="javascript:show_all_extras()">Show all details</a> / ' +
                            '<a href="javascript:hide_all_extras()">Hide all details</a>';
    resulttable.parentElement.insertBefore(showhideall, resulttable);

    // Add show/hide link to each result
    find_all('.col-result').forEach(function(elem) {
        var collapsed = get_query_parameter('collapsed') || 'Passed';
        var extras = elem.parentNode.nextElementSibling;
        var expandcollapse = document.createElement("span");
        if (collapsed.includes(elem.innerHTML)) {
            extras.classList.add("collapsed");
            expandcollapse.classList.add("expander");
        } else {
            expandcollapse.classList.add("collapser");
        }
        elem.appendChild(expandcollapse);

        elem.addEventListener("click", function(event) {
            if (event.currentTarget.parentNode.nextElementSibling.classList.contains("collapsed")) {
                show_extras(event.currentTarget);
            } else {
                hide_extras(event.currentTarget);
            }
        });
    })
}

function get_query_parameter(name) {
    var match = RegExp('[?&]' + name + '=([^&]*)').exec(window.location.search);
    return match && decodeURIComponent(match[1].replace(/\+/g, ' '));
}

function init () {
    reset_sort_headers();

    add_collapse();

    show_filters();

    toggle_sort_states(find('.initial-sort'));

    find_all('.sortable').forEach(function(elem) {
        elem.addEventListener("click",
                              function(event) {
                                  sort_column(elem);
                              }, false)
    });

};

function sort_table(clicked, key_func) {
    var rows = find_all('.results-table-row');
    var reversed = !clicked.classList.contains('asc');
    var sorted_rows = sort(rows, key_func, reversed);
    /* Whole table is removed here because browsers acts much slower
     * when appending existing elements.
     */
    var thead = document.getElementById("results-table-head");
    document.getElementById('results-table').remove();
    var parent = document.createElement("table");
    parent.id = "results-table";
    parent.appendChild(thead);
    sorted_rows.forEach(function(elem) {
        parent.appendChild(elem);
    });
    document.getElementsByTagName("BODY")[0].appendChild(parent);
}

function sort(items, key_func, reversed) {
    var sort_array = items.map(function(item, i) {
        return [key_func(item), i];
    });
    var multiplier = reversed ? -1 : 1;

    sort_array.sort(function(a, b) {
        var key_a = a[0];
        var key_b = b[0];
        return multiplier * (key_a >= key_b ? 1 : -1);
    });

    return sort_array.map(function(item) {
        var index = item[1];
        return items[index];
    });
}

function key_alpha(col_index) {
    return function(elem) {
        return elem.childNodes[1].childNodes[col_index].firstChild.data.toLowerCase();
    };
}

function key_num(col_index) {
    return function(elem) {
        return parseFloat(elem.childNodes[1].childNodes[col_index].firstChild.data);
    };
}

function key_result(col_index) {
    return function(elem) {
        var strings = ['Error', 'Failed', 'Rerun', 'XFailed', 'XPassed',
                       'Skipped', 'Passed'];
        return strings.indexOf(elem.childNodes[1].childNodes[col_index].firstChild.data);
    };
}

function reset_sort_headers() {
    find_all('.sort-icon').forEach(function(elem) {
        elem.parentNode.removeChild(elem);
    });
    find_all('.sortable').forEach(function(elem) {
        var icon = document.createElement("div");
        icon.className = "sort-icon";
        icon.textContent = "vvv";
        elem.insertBefore(icon, elem.firstChild);
        elem.classList.remove("desc", "active");
        elem.classList.add("asc", "inactive");
    });
}

function toggle_sort_states(elem) {
    //if active, toggle between asc and desc
    if (elem.classList.contains('active')) {
        elem.classList.toggle('asc');
        elem.classList.toggle('desc');
    }

    //if inactive, reset all other functions and add ascending active
    if (elem.classList.contains('inactive')) {
        reset_sort_headers();
        elem.classList.remove('inactive');
        elem.classList.add('active');
    }
}

function is_all_rows_hidden(value) {
  return value.hidden == false;
}

function filter_table(elem) {
    var outcome_att = "data-test-result";
    var outcome = elem.getAttribute(outcome_att);
    class_outcome = outcome + " results-table-row";
    var outcome_rows = document.getElementsByClassName(class_outcome);

    for(var i = 0; i < outcome_rows.length; i++){
        outcome_rows[i].hidden = !elem.checked;
    }

    var rows = find_all('.results-table-row').filter(is_all_rows_hidden);
    var all_rows_hidden = rows.length == 0 ? true : false;
    var not_found_message = document.getElementById("not-found-message");
    not_found_message.hidden = !all_rows_hidden;
}
</script>
    <h1>report.html</h1>
    <p>Report generated on 12-Oct-2018 at 18:10:44 by<a href="https://pypi.python.org/pypi/pytest-html"> pytest-html</a> v1.19.0</p>
    <h2>Environment</h2>
    <table id="environment">
      <tr>
        <td>JAVA_HOME</td>
        <td>C:\Program Files\Java\jdk-11\bin</td></tr>
      <tr>
        <td>Packages</td>
        <td>{&apos;py&apos;: &apos;1.5.3&apos;, &apos;pytest&apos;: &apos;3.5.1&apos;, &apos;pluggy&apos;: &apos;0.6.0&apos;}</td></tr>
      <tr>
        <td>Platform</td>
        <td>Windows-10-10.0.17134</td></tr>
      <tr>
        <td>Plugins</td>
        <td>{&apos;html&apos;: &apos;1.19.0&apos;, &apos;metadata&apos;: &apos;1.7.0&apos;}</td></tr>
      <tr>
        <td>Python</td>
        <td>2.7.15</td></tr></table>
    <h2>Summary</h2>
    <p>116 tests ran in 500.98 seconds. </p>
    <p class="filter" hidden="true">(Un)check the boxes to filter the results.</p><input checked="true" class="filter" data-test-result="passed" hidden="true" name="filter_checkbox" onChange="filter_table(this)" type="checkbox"/><span class="passed">108 passed</span>, <input checked="true" class="filter" data-test-result="skipped" hidden="true" name="filter_checkbox" onChange="filter_table(this)" type="checkbox"/><span class="skipped">4 skipped</span>, <input checked="true" class="filter" data-test-result="failed" hidden="true" name="filter_checkbox" onChange="filter_table(this)" type="checkbox"/><span class="failed">8 failed</span>, <input checked="true" class="filter" data-test-result="error" disabled="true" hidden="true" name="filter_checkbox" onChange="filter_table(this)" type="checkbox"/><span class="error">0 errors</span>, <input checked="true" class="filter" data-test-result="xfailed" disabled="true" hidden="true" name="filter_checkbox" onChange="filter_table(this)" type="checkbox"/><span class="xfailed">0 expected failures</span>, <input checked="true" class="filter" data-test-result="xpassed" disabled="true" hidden="true" name="filter_checkbox" onChange="filter_table(this)" type="checkbox"/><span class="xpassed">0 unexpected passes</span>
    <h2>Results</h2>
    <table id="results-table">
      <thead id="results-table-head">
        <tr>
          <th class="sortable result initial-sort" col="result">Result</th>
          <th class="sortable" col="name">Test</th>
          <th class="sortable numeric" col="duration">Duration</th>
          <th>Links</th></tr>
        <tr hidden="true" id="not-found-message">
          <th colspan="4">No results found. Try to check the filters</th></tr></thead>
      <tbody class="failed results-table-row">
        <tr>
          <td class="col-result">Failed</td>
          <td class="col-name">tests-api/admin_panel/test_allPermissions.py::TestPermissions::()::test_EWA_2011_permission_data</td>
          <td class="col-duration">0.64</td>
          <td class="col-links"></td></tr>
        <tr>
          <td class="extra" colspan="4">
            <div class="log">self = &lt;admin_panel.test_allPermissions.TestPermissions object at 0x00000000054F6208&gt;<br/>test_setup = {'schema': 'D:\\EWA\\Python Framework\\ewa_qa_api-master\\data\\schema/permissions_schema.json', 'url': 'http://34.192.201.69:4000/admin/permissions/allPermissions'}<br/>admin_token = 'JWT eyJ0eXAiOiJKV1QiLCJhbGciOiJIUzI1NiJ9.eyJpZCI6MSwiZW1haWwiOiJld2FhZG1pbkBjZWxzeXNlbWFpbC5jZWxzeXN3dGMuaW4iLCJjcmVhdGVkX2F0IjoiMjAxOC0wOS0xN1QwNzoxMTo1MS4wOTJaIn0.fW7Am3nr1lcwZqwX3NmDUATcT3aoM7N2ywjeBLGXeB0'<br/><br/>    def test_EWA_2011_permission_data(self, test_setup, admin_token):<br/>        logger.debug('Permissions: test_validate_permissions_schema')<br/>        response = webservice.get(url=test_setup['url'], token=admin_token)<br/>        response_data = response.json()<br/>        permissions = utils.encode_to_ascii(response_data['permissions'])<br/>        logger.debug('Permissions: Validating json data')<br/>        assert response_data['message'].encode("ascii", "ignore") == permissions_data.get_all_permisssions.message<br/>&gt;       assert permissions == permissions_data.get_all_permisssions.permissions<br/><span class="error">E       AssertionError: assert [{'parentPerm...nId': 7}, ...] == [{'parentPermi...nId': 6}, ...]</span><br/><span class="error">E         At index 0 diff: {'parentPermissionDescription': 'View Personal Contact Details', 'parentPermissionId': 2} != {'parentPermissionDescription': 'View Personal Contact Details', 'parentPermissionId': 1}</span><br/><span class="error">E         Use -v to get the full diff</span><br/><br/>tests-api\admin_panel\test_allPermissions.py:61: AssertionError<br/></div></td></tr></tbody>
      <tbody class="failed results-table-row">
        <tr>
          <td class="col-result">Failed</td>
          <td class="col-name">tests-api/admin_panel/test_groups.py::TestGroupsApi::()::test_EWA_1910_edit_group_info</td>
          <td class="col-duration">120.69</td>
          <td class="col-links"></td></tr>
        <tr>
          <td class="extra" colspan="4">
            <div class="log">self = &lt;admin_panel.test_groups.TestGroupsApi object at 0x00000000055AC128&gt;<br/>delete_after_add_group = [144, 145, 146, 147, 148, 149]<br/><br/>    def test_EWA_1910_edit_group_info(self, delete_after_add_group):<br/>    <br/>        logger.debug('Edit groups : test null authorization token')<br/>        edit_group_url = base_url + apis.edit_group_info_endpoint + str(delete_after_add_group[0])<br/>        edit_group_payload = groups_data.get('edit_group')<br/>&gt;       response = webservice.put(url=edit_group_url, token=admin_token, data=json.dumps(edit_group_payload))<br/><br/>tests-api\admin_panel\test_groups.py:190: <br/>_ _ _ _ _ _ _ _ _ _ _ _ _ _ _ _ _ _ _ _ _ _ _ _ _ _ _ _ _ _ _ _ _ _ _ _ _ _ _ _<br/>src\webservice.py:15: in put<br/>    response = httplibrary.put(url=url, data=data, files=files, headers=headers)<br/>venv\lib\site-packages\requests\api.py:126: in put<br/>    return request('put', url, data=data, **kwargs)<br/>venv\lib\site-packages\requests\api.py:58: in request<br/>    return session.request(method=method, url=url, **kwargs)<br/>venv\lib\site-packages\requests\sessions.py:508: in request<br/>    resp = self.send(prep, **send_kwargs)<br/>venv\lib\site-packages\requests\sessions.py:618: in send<br/>    r = adapter.send(request, **kwargs)<br/>_ _ _ _ _ _ _ _ _ _ _ _ _ _ _ _ _ _ _ _ _ _ _ _ _ _ _ _ _ _ _ _ _ _ _ _ _ _ _ _<br/><br/>self = &lt;requests.adapters.HTTPAdapter object at 0x00000000055AC668&gt;<br/>request = &lt;PreparedRequest [PUT]&gt;, stream = False<br/>timeout = &lt;urllib3.util.timeout.Timeout object at 0x00000000055AC4E0&gt;<br/>verify = True, cert = None, proxies = OrderedDict()<br/><br/>    def send(self, request, stream=False, timeout=None, verify=True, cert=None, proxies=None):<br/>        """Sends PreparedRequest object. Returns Response object.<br/>    <br/>            :param request: The :class:`PreparedRequest &lt;PreparedRequest&gt;` being sent.<br/>            :param stream: (optional) Whether to stream the request content.<br/>            :param timeout: (optional) How long to wait for the server to send<br/>                data before giving up, as a float, or a :ref:`(connect timeout,<br/>                read timeout) &lt;timeouts&gt;` tuple.<br/>            :type timeout: float or tuple or urllib3 Timeout object<br/>            :param verify: (optional) Either a boolean, in which case it controls whether<br/>                we verify the server's TLS certificate, or a string, in which case it<br/>                must be a path to a CA bundle to use<br/>            :param cert: (optional) Any user-provided SSL certificate to be trusted.<br/>            :param proxies: (optional) The proxies dictionary to apply to the request.<br/>            :rtype: requests.Response<br/>            """<br/>    <br/>        conn = self.get_connection(request.url, proxies)<br/>    <br/>        self.cert_verify(conn, request.url, verify, cert)<br/>        url = self.request_url(request, proxies)<br/>        self.add_headers(request)<br/>    <br/>        chunked = not (request.body is None or 'Content-Length' in request.headers)<br/>    <br/>        if isinstance(timeout, tuple):<br/>            try:<br/>                connect, read = timeout<br/>                timeout = TimeoutSauce(connect=connect, read=read)<br/>            except ValueError as e:<br/>                # this may raise a string formatting error.<br/>                err = ("Invalid timeout {0}. Pass a (connect, read) "<br/>                       "timeout tuple, or a single float to set "<br/>                       "both timeouts to the same value".format(timeout))<br/>                raise ValueError(err)<br/>        elif isinstance(timeout, TimeoutSauce):<br/>            pass<br/>        else:<br/>            timeout = TimeoutSauce(connect=timeout, read=timeout)<br/>    <br/>        try:<br/>            if not chunked:<br/>                resp = conn.urlopen(<br/>                    method=request.method,<br/>                    url=url,<br/>                    body=request.body,<br/>                    headers=request.headers,<br/>                    redirect=False,<br/>                    assert_same_host=False,<br/>                    preload_content=False,<br/>                    decode_content=False,<br/>                    retries=self.max_retries,<br/>                    timeout=timeout<br/>                )<br/>    <br/>            # Send the request.<br/>            else:<br/>                if hasattr(conn, 'proxy_pool'):<br/>                    conn = conn.proxy_pool<br/>    <br/>                low_conn = conn._get_conn(timeout=DEFAULT_POOL_TIMEOUT)<br/>    <br/>                try:<br/>                    low_conn.putrequest(request.method,<br/>                                        url,<br/>                                        skip_accept_encoding=True)<br/>    <br/>                    for header, value in request.headers.items():<br/>                        low_conn.putheader(header, value)<br/>    <br/>                    low_conn.endheaders()<br/>    <br/>                    for i in request.body:<br/>                        low_conn.send(hex(len(i))[2:].encode('utf-8'))<br/>                        low_conn.send(b'\r\n')<br/>                        low_conn.send(i)<br/>                        low_conn.send(b'\r\n')<br/>                    low_conn.send(b'0\r\n\r\n')<br/>    <br/>                    # Receive the response from the server<br/>                    try:<br/>                        # For Python 2.7+ versions, use buffering of HTTP<br/>                        # responses<br/>                        r = low_conn.getresponse(buffering=True)<br/>                    except TypeError:<br/>                        # For compatibility with Python 2.6 versions and back<br/>                        r = low_conn.getresponse()<br/>    <br/>                    resp = HTTPResponse.from_httplib(<br/>                        r,<br/>                        pool=conn,<br/>                        connection=low_conn,<br/>                        preload_content=False,<br/>                        decode_content=False<br/>                    )<br/>                except:<br/>                    # If we hit any problems here, clean up the connection.<br/>                    # Then, reraise so that we can handle the actual exception.<br/>                    low_conn.close()<br/>                    raise<br/>    <br/>        except (ProtocolError, socket.error) as err:<br/>&gt;           raise ConnectionError(err, request=request)<br/><span class="error">E           ConnectionError: ('Connection aborted.', BadStatusLine("''",))</span><br/><br/>venv\lib\site-packages\requests\adapters.py:490: ConnectionError<br/></div></td></tr></tbody>
      <tbody class="failed results-table-row">
        <tr>
          <td class="col-result">Failed</td>
          <td class="col-name">tests-api/admin_panel/test_groups.py::TestGroupsApi::()::test_EWA_1936_pass_empty_payload_group_id_toedit</td>
          <td class="col-duration">120.68</td>
          <td class="col-links"></td></tr>
        <tr>
          <td class="extra" colspan="4">
            <div class="log">self = &lt;admin_panel.test_groups.TestGroupsApi object at 0x0000000005525198&gt;<br/>delete_after_add_group = [144, 145, 146, 147, 148, 149]<br/><br/>    def test_EWA_1936_pass_empty_payload_group_id_toedit(self, delete_after_add_group):<br/>        logger.debug('Edit groups : Test with empty payload')<br/>        edit_group_url = base_url + apis.edit_group_info_endpoint + str(delete_after_add_group[0])<br/>        edit_group_payload = {}<br/>        response = webservice.put(url=edit_group_url, token=admin_token,<br/>&gt;                                 data=json.dumps(edit_group_payload))<br/><br/>tests-api\admin_panel\test_groups.py:227: <br/>_ _ _ _ _ _ _ _ _ _ _ _ _ _ _ _ _ _ _ _ _ _ _ _ _ _ _ _ _ _ _ _ _ _ _ _ _ _ _ _<br/>src\webservice.py:15: in put<br/>    response = httplibrary.put(url=url, data=data, files=files, headers=headers)<br/>venv\lib\site-packages\requests\api.py:126: in put<br/>    return request('put', url, data=data, **kwargs)<br/>venv\lib\site-packages\requests\api.py:58: in request<br/>    return session.request(method=method, url=url, **kwargs)<br/>venv\lib\site-packages\requests\sessions.py:508: in request<br/>    resp = self.send(prep, **send_kwargs)<br/>venv\lib\site-packages\requests\sessions.py:618: in send<br/>    r = adapter.send(request, **kwargs)<br/>_ _ _ _ _ _ _ _ _ _ _ _ _ _ _ _ _ _ _ _ _ _ _ _ _ _ _ _ _ _ _ _ _ _ _ _ _ _ _ _<br/><br/>self = &lt;requests.adapters.HTTPAdapter object at 0x0000000005525D68&gt;<br/>request = &lt;PreparedRequest [PUT]&gt;, stream = False<br/>timeout = &lt;urllib3.util.timeout.Timeout object at 0x0000000005525898&gt;<br/>verify = True, cert = None, proxies = OrderedDict()<br/><br/>    def send(self, request, stream=False, timeout=None, verify=True, cert=None, proxies=None):<br/>        """Sends PreparedRequest object. Returns Response object.<br/>    <br/>            :param request: The :class:`PreparedRequest &lt;PreparedRequest&gt;` being sent.<br/>            :param stream: (optional) Whether to stream the request content.<br/>            :param timeout: (optional) How long to wait for the server to send<br/>                data before giving up, as a float, or a :ref:`(connect timeout,<br/>                read timeout) &lt;timeouts&gt;` tuple.<br/>            :type timeout: float or tuple or urllib3 Timeout object<br/>            :param verify: (optional) Either a boolean, in which case it controls whether<br/>                we verify the server's TLS certificate, or a string, in which case it<br/>                must be a path to a CA bundle to use<br/>            :param cert: (optional) Any user-provided SSL certificate to be trusted.<br/>            :param proxies: (optional) The proxies dictionary to apply to the request.<br/>            :rtype: requests.Response<br/>            """<br/>    <br/>        conn = self.get_connection(request.url, proxies)<br/>    <br/>        self.cert_verify(conn, request.url, verify, cert)<br/>        url = self.request_url(request, proxies)<br/>        self.add_headers(request)<br/>    <br/>        chunked = not (request.body is None or 'Content-Length' in request.headers)<br/>    <br/>        if isinstance(timeout, tuple):<br/>            try:<br/>                connect, read = timeout<br/>                timeout = TimeoutSauce(connect=connect, read=read)<br/>            except ValueError as e:<br/>                # this may raise a string formatting error.<br/>                err = ("Invalid timeout {0}. Pass a (connect, read) "<br/>                       "timeout tuple, or a single float to set "<br/>                       "both timeouts to the same value".format(timeout))<br/>                raise ValueError(err)<br/>        elif isinstance(timeout, TimeoutSauce):<br/>            pass<br/>        else:<br/>            timeout = TimeoutSauce(connect=timeout, read=timeout)<br/>    <br/>        try:<br/>            if not chunked:<br/>                resp = conn.urlopen(<br/>                    method=request.method,<br/>                    url=url,<br/>                    body=request.body,<br/>                    headers=request.headers,<br/>                    redirect=False,<br/>                    assert_same_host=False,<br/>                    preload_content=False,<br/>                    decode_content=False,<br/>                    retries=self.max_retries,<br/>                    timeout=timeout<br/>                )<br/>    <br/>            # Send the request.<br/>            else:<br/>                if hasattr(conn, 'proxy_pool'):<br/>                    conn = conn.proxy_pool<br/>    <br/>                low_conn = conn._get_conn(timeout=DEFAULT_POOL_TIMEOUT)<br/>    <br/>                try:<br/>                    low_conn.putrequest(request.method,<br/>                                        url,<br/>                                        skip_accept_encoding=True)<br/>    <br/>                    for header, value in request.headers.items():<br/>                        low_conn.putheader(header, value)<br/>    <br/>                    low_conn.endheaders()<br/>    <br/>                    for i in request.body:<br/>                        low_conn.send(hex(len(i))[2:].encode('utf-8'))<br/>                        low_conn.send(b'\r\n')<br/>                        low_conn.send(i)<br/>                        low_conn.send(b'\r\n')<br/>                    low_conn.send(b'0\r\n\r\n')<br/>    <br/>                    # Receive the response from the server<br/>                    try:<br/>                        # For Python 2.7+ versions, use buffering of HTTP<br/>                        # responses<br/>                        r = low_conn.getresponse(buffering=True)<br/>                    except TypeError:<br/>                        # For compatibility with Python 2.6 versions and back<br/>                        r = low_conn.getresponse()<br/>    <br/>                    resp = HTTPResponse.from_httplib(<br/>                        r,<br/>                        pool=conn,<br/>                        connection=low_conn,<br/>                        preload_content=False,<br/>                        decode_content=False<br/>                    )<br/>                except:<br/>                    # If we hit any problems here, clean up the connection.<br/>                    # Then, reraise so that we can handle the actual exception.<br/>                    low_conn.close()<br/>                    raise<br/>    <br/>        except (ProtocolError, socket.error) as err:<br/>&gt;           raise ConnectionError(err, request=request)<br/><span class="error">E           ConnectionError: ('Connection aborted.', BadStatusLine("''",))</span><br/><br/>venv\lib\site-packages\requests\adapters.py:490: ConnectionError<br/></div></td></tr></tbody>
      <tbody class="failed results-table-row">
        <tr>
          <td class="col-result">Failed</td>
          <td class="col-name">tests-api/user_panel/test_add_employee_basic_info.py::TestEmployeeBasicData::()::test_EWA_150_to_validate_add_user_api</td>
          <td class="col-duration">122.71</td>
          <td class="col-links"></td></tr>
        <tr>
          <td class="extra" colspan="4">
            <div class="log">self = &lt;test_add_employee_basic_info.TestEmployeeBasicData object at 0x00000000054F8630&gt;<br/>delete_user = []<br/><br/>    def test_EWA_150_to_validate_add_user_api(self, delete_user):<br/>        logger.debug('Employee Data: add user validation')<br/>        employee_payload = employee_api_helper.generate_employee_data()<br/>    <br/>        files = {"image" : ("duck.png", (open(os.path.join(fwork.IN_DATA_PATH,"images/duck.png"),"rb")))}<br/>        response = webservice.post(url=base_url + apis.employee_basic_data_endpoint,data=employee_payload, files=files,<br/>&gt;                                  token=hr_token, headers={})<br/><br/>tests-api\user_panel\test_add_employee_basic_info.py:46: <br/>_ _ _ _ _ _ _ _ _ _ _ _ _ _ _ _ _ _ _ _ _ _ _ _ _ _ _ _ _ _ _ _ _ _ _ _ _ _ _ _<br/>src\webservice.py:39: in post<br/>    response = httplibrary.post(url=url, data=data, files=files, headers=headers)<br/>venv\lib\site-packages\requests\api.py:112: in post<br/>    return request('post', url, data=data, json=json, **kwargs)<br/>venv\lib\site-packages\requests\api.py:58: in request<br/>    return session.request(method=method, url=url, **kwargs)<br/>venv\lib\site-packages\requests\sessions.py:508: in request<br/>    resp = self.send(prep, **send_kwargs)<br/>venv\lib\site-packages\requests\sessions.py:618: in send<br/>    r = adapter.send(request, **kwargs)<br/>_ _ _ _ _ _ _ _ _ _ _ _ _ _ _ _ _ _ _ _ _ _ _ _ _ _ _ _ _ _ _ _ _ _ _ _ _ _ _ _<br/><br/>self = &lt;requests.adapters.HTTPAdapter object at 0x00000000044D9198&gt;<br/>request = &lt;PreparedRequest [POST]&gt;, stream = False<br/>timeout = &lt;urllib3.util.timeout.Timeout object at 0x00000000044D95C0&gt;<br/>verify = True, cert = None, proxies = OrderedDict()<br/><br/>    def send(self, request, stream=False, timeout=None, verify=True, cert=None, proxies=None):<br/>        """Sends PreparedRequest object. Returns Response object.<br/>    <br/>            :param request: The :class:`PreparedRequest &lt;PreparedRequest&gt;` being sent.<br/>            :param stream: (optional) Whether to stream the request content.<br/>            :param timeout: (optional) How long to wait for the server to send<br/>                data before giving up, as a float, or a :ref:`(connect timeout,<br/>                read timeout) &lt;timeouts&gt;` tuple.<br/>            :type timeout: float or tuple or urllib3 Timeout object<br/>            :param verify: (optional) Either a boolean, in which case it controls whether<br/>                we verify the server's TLS certificate, or a string, in which case it<br/>                must be a path to a CA bundle to use<br/>            :param cert: (optional) Any user-provided SSL certificate to be trusted.<br/>            :param proxies: (optional) The proxies dictionary to apply to the request.<br/>            :rtype: requests.Response<br/>            """<br/>    <br/>        conn = self.get_connection(request.url, proxies)<br/>    <br/>        self.cert_verify(conn, request.url, verify, cert)<br/>        url = self.request_url(request, proxies)<br/>        self.add_headers(request)<br/>    <br/>        chunked = not (request.body is None or 'Content-Length' in request.headers)<br/>    <br/>        if isinstance(timeout, tuple):<br/>            try:<br/>                connect, read = timeout<br/>                timeout = TimeoutSauce(connect=connect, read=read)<br/>            except ValueError as e:<br/>                # this may raise a string formatting error.<br/>                err = ("Invalid timeout {0}. Pass a (connect, read) "<br/>                       "timeout tuple, or a single float to set "<br/>                       "both timeouts to the same value".format(timeout))<br/>                raise ValueError(err)<br/>        elif isinstance(timeout, TimeoutSauce):<br/>            pass<br/>        else:<br/>            timeout = TimeoutSauce(connect=timeout, read=timeout)<br/>    <br/>        try:<br/>            if not chunked:<br/>                resp = conn.urlopen(<br/>                    method=request.method,<br/>                    url=url,<br/>                    body=request.body,<br/>                    headers=request.headers,<br/>                    redirect=False,<br/>                    assert_same_host=False,<br/>                    preload_content=False,<br/>                    decode_content=False,<br/>                    retries=self.max_retries,<br/>                    timeout=timeout<br/>                )<br/>    <br/>            # Send the request.<br/>            else:<br/>                if hasattr(conn, 'proxy_pool'):<br/>                    conn = conn.proxy_pool<br/>    <br/>                low_conn = conn._get_conn(timeout=DEFAULT_POOL_TIMEOUT)<br/>    <br/>                try:<br/>                    low_conn.putrequest(request.method,<br/>                                        url,<br/>                                        skip_accept_encoding=True)<br/>    <br/>                    for header, value in request.headers.items():<br/>                        low_conn.putheader(header, value)<br/>    <br/>                    low_conn.endheaders()<br/>    <br/>                    for i in request.body:<br/>                        low_conn.send(hex(len(i))[2:].encode('utf-8'))<br/>                        low_conn.send(b'\r\n')<br/>                        low_conn.send(i)<br/>                        low_conn.send(b'\r\n')<br/>                    low_conn.send(b'0\r\n\r\n')<br/>    <br/>                    # Receive the response from the server<br/>                    try:<br/>                        # For Python 2.7+ versions, use buffering of HTTP<br/>                        # responses<br/>                        r = low_conn.getresponse(buffering=True)<br/>                    except TypeError:<br/>                        # For compatibility with Python 2.6 versions and back<br/>                        r = low_conn.getresponse()<br/>    <br/>                    resp = HTTPResponse.from_httplib(<br/>                        r,<br/>                        pool=conn,<br/>                        connection=low_conn,<br/>                        preload_content=False,<br/>                        decode_content=False<br/>                    )<br/>                except:<br/>                    # If we hit any problems here, clean up the connection.<br/>                    # Then, reraise so that we can handle the actual exception.<br/>                    low_conn.close()<br/>                    raise<br/>    <br/>        except (ProtocolError, socket.error) as err:<br/>&gt;           raise ConnectionError(err, request=request)<br/><span class="error">E           ConnectionError: ('Connection aborted.', BadStatusLine("''",))</span><br/><br/>venv\lib\site-packages\requests\adapters.py:490: ConnectionError<br/></div></td></tr></tbody>
      <tbody class="failed results-table-row">
        <tr>
          <td class="col-result">Failed</td>
          <td class="col-name">tests-api/user_panel/test_add_employee_basic_info.py::TestEmployeeBasicData::()::test_EWA_151_add_duplicate_user</td>
          <td class="col-duration">2.00</td>
          <td class="col-links"></td></tr>
        <tr>
          <td class="extra" colspan="4">
            <div class="log">self = &lt;test_add_employee_basic_info.TestEmployeeBasicData object at 0x00000000054A39E8&gt;<br/>delete_user = []<br/><br/>    def test_EWA_151_add_duplicate_user(self, delete_user):<br/>    <br/>        employee_payload = employee_api_helper.generate_employee_data()<br/>&gt;       employee_payload['emailId'] = delete_user[0]<br/><span class="error">E       IndexError: list index out of range</span><br/><br/>tests-api\user_panel\test_add_employee_basic_info.py:57: IndexError<br/></div></td></tr></tbody>
      <tbody class="failed results-table-row">
        <tr>
          <td class="col-result">Failed</td>
          <td class="col-name">tests-api/user_panel/test_add_employee_basic_info.py::TestEmployeeBasicData::()::test_EWA_159_check_for_mandatory_fields</td>
          <td class="col-duration">1.86</td>
          <td class="col-links"></td></tr>
        <tr>
          <td class="extra" colspan="4">
            <div class="log">self = &lt;test_add_employee_basic_info.TestEmployeeBasicData object at 0x00000000054B8D30&gt;<br/>delete_user = []<br/><br/>    def test_EWA_159_check_for_mandatory_fields(self, delete_user):<br/>    <br/>        employee_payload = employee_api_helper.generate_employee_data()<br/>&gt;       employee_payload['emailId'] = delete_user[0]<br/><span class="error">E       IndexError: list index out of range</span><br/><br/>tests-api\user_panel\test_add_employee_basic_info.py:71: IndexError<br/></div></td></tr></tbody>
      <tbody class="failed results-table-row">
        <tr>
          <td class="col-result">Failed</td>
          <td class="col-name">tests-api/user_panel/test_add_employee_basic_info.py::TestEmployeeBasicData::()::test_EWA_3114_check_grades_incorrect_value</td>
          <td class="col-duration">1.84</td>
          <td class="col-links"></td></tr>
        <tr>
          <td class="extra" colspan="4">
            <div class="log">self = &lt;test_add_employee_basic_info.TestEmployeeBasicData object at 0x00000000054B8E80&gt;<br/>delete_user = []<br/><br/>    def test_EWA_3114_check_grades_incorrect_value(self, delete_user):<br/>        employee_payload = employee_api_helper.generate_employee_data()<br/>&gt;       employee_payload['emailId'] = delete_user[0]<br/><span class="error">E       IndexError: list index out of range</span><br/><br/>tests-api\user_panel\test_add_employee_basic_info.py:114: IndexError<br/></div></td></tr></tbody>
      <tbody class="failed results-table-row">
        <tr>
          <td class="col-result">Failed</td>
          <td class="col-name">tests-api/user_panel/test_add_employee_basic_info.py::TestEmployeeBasicData::()::test_EWA_3114_check_groups_incorrect_value</td>
          <td class="col-duration">1.89</td>
          <td class="col-links"></td></tr>
        <tr>
          <td class="extra" colspan="4">
            <div class="log">self = &lt;test_add_employee_basic_info.TestEmployeeBasicData object at 0x0000000005735128&gt;<br/>delete_user = []<br/><br/>    def test_EWA_3114_check_groups_incorrect_value(self, delete_user):<br/>        employee_payload = employee_api_helper.generate_employee_data()<br/>&gt;       employee_payload['emailId'] = delete_user[0]<br/><span class="error">E       IndexError: list index out of range</span><br/><br/>tests-api\user_panel\test_add_employee_basic_info.py:129: IndexError<br/></div></td></tr></tbody>
      <tbody class="skipped results-table-row">
        <tr>
          <td class="col-result">Skipped</td>
          <td class="col-name">tests-api/admin_panel/test_grades.py::TestGradesApi::()::test_EWA_2020_create_grade_with_same_name[add_payload5]</td>
          <td class="col-duration">0.00</td>
          <td class="col-links"></td></tr>
        <tr>
          <td class="extra" colspan="4">
            <div class="log">('D:\\EWA\\Python Framework\\ewa_qa_api-master\\tests-api\\admin_panel\\test_grades.py', 110, u'Skipped: Adding grade with same integer or None is not correct data')<br/></div></td></tr></tbody>
      <tbody class="skipped results-table-row">
        <tr>
          <td class="col-result">Skipped</td>
          <td class="col-name">tests-api/admin_panel/test_grades.py::TestGradesApi::()::test_EWA_2020_create_grade_with_same_name[add_payload6]</td>
          <td class="col-duration">0.00</td>
          <td class="col-links"></td></tr>
        <tr>
          <td class="extra" colspan="4">
            <div class="log">('D:\\EWA\\Python Framework\\ewa_qa_api-master\\tests-api\\admin_panel\\test_grades.py', 110, u'Skipped: Adding grade with same integer or None is not correct data')<br/></div></td></tr></tbody>
      <tbody class="skipped results-table-row">
        <tr>
          <td class="col-result">Skipped</td>
          <td class="col-name">tests-api/admin_panel/test_grades.py::TestGradesApi::()::test_EWA_2021_create_grade_with_same_name_different_description[add_payload5]</td>
          <td class="col-duration">0.00</td>
          <td class="col-links"></td></tr>
        <tr>
          <td class="extra" colspan="4">
            <div class="log">('D:\\EWA\\Python Framework\\ewa_qa_api-master\\tests-api\\admin_panel\\test_grades.py', 125, u'Skipped: Adding grade with same integer or None is not correct data')<br/></div></td></tr></tbody>
      <tbody class="skipped results-table-row">
        <tr>
          <td class="col-result">Skipped</td>
          <td class="col-name">tests-api/admin_panel/test_grades.py::TestGradesApi::()::test_EWA_2021_create_grade_with_same_name_different_description[add_payload6]</td>
          <td class="col-duration">0.00</td>
          <td class="col-links"></td></tr>
        <tr>
          <td class="extra" colspan="4">
            <div class="log">('D:\\EWA\\Python Framework\\ewa_qa_api-master\\tests-api\\admin_panel\\test_grades.py', 125, u'Skipped: Adding grade with same integer or None is not correct data')<br/></div></td></tr></tbody>
      <tbody class="passed results-table-row">
        <tr>
          <td class="col-result">Passed</td>
          <td class="col-name">tests-api/admin_panel/test_allPermissions.py::TestPermissions::()::test_validate_permissions_schema</td>
          <td class="col-duration">0.68</td>
          <td class="col-links"></td></tr>
        <tr>
          <td class="extra" colspan="4">
            <div class="empty log">No log output captured.</div></td></tr></tbody>
      <tbody class="passed results-table-row">
        <tr>
          <td class="col-result">Passed</td>
          <td class="col-name">tests-api/admin_panel/test_allPermissions.py::TestPermissions::()::test_EWA_2013_pass_invalid_authorization_token</td>
          <td class="col-duration">0.58</td>
          <td class="col-links"></td></tr>
        <tr>
          <td class="extra" colspan="4">
            <div class="empty log">No log output captured.</div></td></tr></tbody>
      <tbody class="passed results-table-row">
        <tr>
          <td class="col-result">Passed</td>
          <td class="col-name">tests-api/admin_panel/test_allPermissions.py::TestPermissions::()::test_EWA_2012_pass_null_authorization_token</td>
          <td class="col-duration">0.59</td>
          <td class="col-links"></td></tr>
        <tr>
          <td class="extra" colspan="4">
            <div class="empty log">No log output captured.</div></td></tr></tbody>
      <tbody class="passed results-table-row">
        <tr>
          <td class="col-result">Passed</td>
          <td class="col-name">tests-api/admin_panel/test_allPermissions.py::TestPermissions::()::test_EWA_2014_pass_empty_authorization_token</td>
          <td class="col-duration">0.62</td>
          <td class="col-links"></td></tr>
        <tr>
          <td class="extra" colspan="4">
            <div class="empty log">No log output captured.</div></td></tr></tbody>
      <tbody class="passed results-table-row">
        <tr>
          <td class="col-result">Passed</td>
          <td class="col-name">tests-api/admin_panel/test_grades.py::TestGradesApi::()::test_validate_gradess_schema</td>
          <td class="col-duration">0.67</td>
          <td class="col-links"></td></tr>
        <tr>
          <td class="extra" colspan="4">
            <div class="empty log">No log output captured.</div></td></tr></tbody>
      <tbody class="passed results-table-row">
        <tr>
          <td class="col-result">Passed</td>
          <td class="col-name">tests-api/admin_panel/test_grades.py::TestGradesApi::()::test_EWA_1898_pass_invalid_authorization_token</td>
          <td class="col-duration">0.61</td>
          <td class="col-links"></td></tr>
        <tr>
          <td class="extra" colspan="4">
            <div class="empty log">No log output captured.</div></td></tr></tbody>
      <tbody class="passed results-table-row">
        <tr>
          <td class="col-result">Passed</td>
          <td class="col-name">tests-api/admin_panel/test_grades.py::TestGradesApi::()::test_EWA_1899_pass_null_authorization_token</td>
          <td class="col-duration">0.59</td>
          <td class="col-links"></td></tr>
        <tr>
          <td class="extra" colspan="4">
            <div class="empty log">No log output captured.</div></td></tr></tbody>
      <tbody class="passed results-table-row">
        <tr>
          <td class="col-result">Passed</td>
          <td class="col-name">tests-api/admin_panel/test_grades.py::TestGradesApi::()::test_EWA_1897_pass_empty_authorization_token</td>
          <td class="col-duration">0.60</td>
          <td class="col-links"></td></tr>
        <tr>
          <td class="extra" colspan="4">
            <div class="empty log">No log output captured.</div></td></tr></tbody>
      <tbody class="passed results-table-row">
        <tr>
          <td class="col-result">Passed</td>
          <td class="col-name">tests-api/admin_panel/test_grades.py::TestGradesApi::()::test_EWA_1900_empty_authorization_token_addNew</td>
          <td class="col-duration">0.64</td>
          <td class="col-links"></td></tr>
        <tr>
          <td class="extra" colspan="4">
            <div class="empty log">No log output captured.</div></td></tr></tbody>
      <tbody class="passed results-table-row">
        <tr>
          <td class="col-result">Passed</td>
          <td class="col-name">tests-api/admin_panel/test_grades.py::TestGradesApi::()::test_EWA_1903_invalid_authorization_token_addNew</td>
          <td class="col-duration">0.58</td>
          <td class="col-links"></td></tr>
        <tr>
          <td class="extra" colspan="4">
            <div class="empty log">No log output captured.</div></td></tr></tbody>
      <tbody class="passed results-table-row">
        <tr>
          <td class="col-result">Passed</td>
          <td class="col-name">tests-api/admin_panel/test_grades.py::TestGradesApi::()::test_EWA_1906_null_authorization_token_addNew</td>
          <td class="col-duration">0.58</td>
          <td class="col-links"></td></tr>
        <tr>
          <td class="extra" colspan="4">
            <div class="empty log">No log output captured.</div></td></tr></tbody>
      <tbody class="passed results-table-row">
        <tr>
          <td class="col-result">Passed</td>
          <td class="col-name">tests-api/admin_panel/test_grades.py::TestGradesApi::()::test_EWA_1893_1928__add_new_grade[add_payload0]</td>
          <td class="col-duration">0.66</td>
          <td class="col-links"></td></tr>
        <tr>
          <td class="extra" colspan="4">
            <div class="empty log">No log output captured.</div></td></tr></tbody>
      <tbody class="passed results-table-row">
        <tr>
          <td class="col-result">Passed</td>
          <td class="col-name">tests-api/admin_panel/test_grades.py::TestGradesApi::()::test_EWA_1893_1928__add_new_grade[add_payload1]</td>
          <td class="col-duration">0.62</td>
          <td class="col-links"></td></tr>
        <tr>
          <td class="extra" colspan="4">
            <div class="empty log">No log output captured.</div></td></tr></tbody>
      <tbody class="passed results-table-row">
        <tr>
          <td class="col-result">Passed</td>
          <td class="col-name">tests-api/admin_panel/test_grades.py::TestGradesApi::()::test_EWA_1893_1928__add_new_grade[add_payload2]</td>
          <td class="col-duration">0.61</td>
          <td class="col-links"></td></tr>
        <tr>
          <td class="extra" colspan="4">
            <div class="empty log">No log output captured.</div></td></tr></tbody>
      <tbody class="passed results-table-row">
        <tr>
          <td class="col-result">Passed</td>
          <td class="col-name">tests-api/admin_panel/test_grades.py::TestGradesApi::()::test_EWA_1893_1928__add_new_grade[add_payload3]</td>
          <td class="col-duration">0.62</td>
          <td class="col-links"></td></tr>
        <tr>
          <td class="extra" colspan="4">
            <div class="empty log">No log output captured.</div></td></tr></tbody>
      <tbody class="passed results-table-row">
        <tr>
          <td class="col-result">Passed</td>
          <td class="col-name">tests-api/admin_panel/test_grades.py::TestGradesApi::()::test_EWA_1893_1928__add_new_grade[add_payload4]</td>
          <td class="col-duration">0.64</td>
          <td class="col-links"></td></tr>
        <tr>
          <td class="extra" colspan="4">
            <div class="empty log">No log output captured.</div></td></tr></tbody>
      <tbody class="passed results-table-row">
        <tr>
          <td class="col-result">Passed</td>
          <td class="col-name">tests-api/admin_panel/test_grades.py::TestGradesApi::()::test_EWA_1893_1928__add_new_grade[add_payload5]</td>
          <td class="col-duration">0.61</td>
          <td class="col-links"></td></tr>
        <tr>
          <td class="extra" colspan="4">
            <div class="empty log">No log output captured.</div></td></tr></tbody>
      <tbody class="passed results-table-row">
        <tr>
          <td class="col-result">Passed</td>
          <td class="col-name">tests-api/admin_panel/test_grades.py::TestGradesApi::()::test_EWA_1893_1928__add_new_grade[add_payload6]</td>
          <td class="col-duration">0.63</td>
          <td class="col-links"></td></tr>
        <tr>
          <td class="extra" colspan="4">
            <div class="empty log">No log output captured.</div></td></tr></tbody>
      <tbody class="passed results-table-row">
        <tr>
          <td class="col-result">Passed</td>
          <td class="col-name">tests-api/admin_panel/test_grades.py::TestGradesApi::()::test_EWA_2020_create_grade_with_same_name[add_payload0]</td>
          <td class="col-duration">0.59</td>
          <td class="col-links"></td></tr>
        <tr>
          <td class="extra" colspan="4">
            <div class="empty log">No log output captured.</div></td></tr></tbody>
      <tbody class="passed results-table-row">
        <tr>
          <td class="col-result">Passed</td>
          <td class="col-name">tests-api/admin_panel/test_grades.py::TestGradesApi::()::test_EWA_2020_create_grade_with_same_name[add_payload1]</td>
          <td class="col-duration">0.59</td>
          <td class="col-links"></td></tr>
        <tr>
          <td class="extra" colspan="4">
            <div class="empty log">No log output captured.</div></td></tr></tbody>
      <tbody class="passed results-table-row">
        <tr>
          <td class="col-result">Passed</td>
          <td class="col-name">tests-api/admin_panel/test_grades.py::TestGradesApi::()::test_EWA_2020_create_grade_with_same_name[add_payload2]</td>
          <td class="col-duration">0.58</td>
          <td class="col-links"></td></tr>
        <tr>
          <td class="extra" colspan="4">
            <div class="empty log">No log output captured.</div></td></tr></tbody>
      <tbody class="passed results-table-row">
        <tr>
          <td class="col-result">Passed</td>
          <td class="col-name">tests-api/admin_panel/test_grades.py::TestGradesApi::()::test_EWA_2020_create_grade_with_same_name[add_payload3]</td>
          <td class="col-duration">0.61</td>
          <td class="col-links"></td></tr>
        <tr>
          <td class="extra" colspan="4">
            <div class="empty log">No log output captured.</div></td></tr></tbody>
      <tbody class="passed results-table-row">
        <tr>
          <td class="col-result">Passed</td>
          <td class="col-name">tests-api/admin_panel/test_grades.py::TestGradesApi::()::test_EWA_2020_create_grade_with_same_name[add_payload4]</td>
          <td class="col-duration">0.60</td>
          <td class="col-links"></td></tr>
        <tr>
          <td class="extra" colspan="4">
            <div class="empty log">No log output captured.</div></td></tr></tbody>
      <tbody class="passed results-table-row">
        <tr>
          <td class="col-result">Passed</td>
          <td class="col-name">tests-api/admin_panel/test_grades.py::TestGradesApi::()::test_EWA_2021_create_grade_with_same_name_different_description[add_payload0]</td>
          <td class="col-duration">0.61</td>
          <td class="col-links"></td></tr>
        <tr>
          <td class="extra" colspan="4">
            <div class="empty log">No log output captured.</div></td></tr></tbody>
      <tbody class="passed results-table-row">
        <tr>
          <td class="col-result">Passed</td>
          <td class="col-name">tests-api/admin_panel/test_grades.py::TestGradesApi::()::test_EWA_2021_create_grade_with_same_name_different_description[add_payload1]</td>
          <td class="col-duration">0.63</td>
          <td class="col-links"></td></tr>
        <tr>
          <td class="extra" colspan="4">
            <div class="empty log">No log output captured.</div></td></tr></tbody>
      <tbody class="passed results-table-row">
        <tr>
          <td class="col-result">Passed</td>
          <td class="col-name">tests-api/admin_panel/test_grades.py::TestGradesApi::()::test_EWA_2021_create_grade_with_same_name_different_description[add_payload2]</td>
          <td class="col-duration">0.62</td>
          <td class="col-links"></td></tr>
        <tr>
          <td class="extra" colspan="4">
            <div class="empty log">No log output captured.</div></td></tr></tbody>
      <tbody class="passed results-table-row">
        <tr>
          <td class="col-result">Passed</td>
          <td class="col-name">tests-api/admin_panel/test_grades.py::TestGradesApi::()::test_EWA_2021_create_grade_with_same_name_different_description[add_payload3]</td>
          <td class="col-duration">0.63</td>
          <td class="col-links"></td></tr>
        <tr>
          <td class="extra" colspan="4">
            <div class="empty log">No log output captured.</div></td></tr></tbody>
      <tbody class="passed results-table-row">
        <tr>
          <td class="col-result">Passed</td>
          <td class="col-name">tests-api/admin_panel/test_grades.py::TestGradesApi::()::test_EWA_2021_create_grade_with_same_name_different_description[add_payload4]</td>
          <td class="col-duration">0.63</td>
          <td class="col-links"></td></tr>
        <tr>
          <td class="extra" colspan="4">
            <div class="empty log">No log output captured.</div></td></tr></tbody>
      <tbody class="passed results-table-row">
        <tr>
          <td class="col-result">Passed</td>
          <td class="col-name">tests-api/admin_panel/test_grades.py::TestGradesApi::()::test_EWA_1901_empty_authorization_token_editGrade</td>
          <td class="col-duration">0.56</td>
          <td class="col-links"></td></tr>
        <tr>
          <td class="extra" colspan="4">
            <div class="empty log">No log output captured.</div></td></tr></tbody>
      <tbody class="passed results-table-row">
        <tr>
          <td class="col-result">Passed</td>
          <td class="col-name">tests-api/admin_panel/test_grades.py::TestGradesApi::()::test_EWA_1904_invalid_authorization_token_editGrade</td>
          <td class="col-duration">0.59</td>
          <td class="col-links"></td></tr>
        <tr>
          <td class="extra" colspan="4">
            <div class="empty log">No log output captured.</div></td></tr></tbody>
      <tbody class="passed results-table-row">
        <tr>
          <td class="col-result">Passed</td>
          <td class="col-name">tests-api/admin_panel/test_grades.py::TestGradesApi::()::test_EWA_1907_null_authorization_token_editGrade</td>
          <td class="col-duration">0.62</td>
          <td class="col-links"></td></tr>
        <tr>
          <td class="extra" colspan="4">
            <div class="empty log">No log output captured.</div></td></tr></tbody>
      <tbody class="passed results-table-row">
        <tr>
          <td class="col-result">Passed</td>
          <td class="col-name">tests-api/admin_panel/test_grades.py::TestGradesApi::()::test_EWA_1894_edit_grade_info</td>
          <td class="col-duration">0.61</td>
          <td class="col-links"></td></tr>
        <tr>
          <td class="extra" colspan="4">
            <div class="empty log">No log output captured.</div></td></tr></tbody>
      <tbody class="passed results-table-row">
        <tr>
          <td class="col-result">Passed</td>
          <td class="col-name">tests-api/admin_panel/test_grades.py::TestGradesApi::()::test_EWA_1930_edit_deleted_id_to_edit_gradeinfo</td>
          <td class="col-duration">1.21</td>
          <td class="col-links"></td></tr>
        <tr>
          <td class="extra" colspan="4">
            <div class="empty log">No log output captured.</div></td></tr></tbody>
      <tbody class="passed results-table-row">
        <tr>
          <td class="col-result">Passed</td>
          <td class="col-name">tests-api/admin_panel/test_grades.py::TestGradesApi::()::test_EWA_1933_pass_empty_payload_edit_gradeinfo</td>
          <td class="col-duration">0.60</td>
          <td class="col-links"></td></tr>
        <tr>
          <td class="extra" colspan="4">
            <div class="empty log">No log output captured.</div></td></tr></tbody>
      <tbody class="passed results-table-row">
        <tr>
          <td class="col-result">Passed</td>
          <td class="col-name">tests-api/admin_panel/test_grades.py::TestGradesApi::()::test_EWA_1905_invalid_authorization_token_deleteGrade</td>
          <td class="col-duration">0.61</td>
          <td class="col-links"></td></tr>
        <tr>
          <td class="extra" colspan="4">
            <div class="empty log">No log output captured.</div></td></tr></tbody>
      <tbody class="passed results-table-row">
        <tr>
          <td class="col-result">Passed</td>
          <td class="col-name">tests-api/admin_panel/test_grades.py::TestGradesApi::()::test_EWA_1908_null_authorization_token_deleteGrade</td>
          <td class="col-duration">0.59</td>
          <td class="col-links"></td></tr>
        <tr>
          <td class="extra" colspan="4">
            <div class="empty log">No log output captured.</div></td></tr></tbody>
      <tbody class="passed results-table-row">
        <tr>
          <td class="col-result">Passed</td>
          <td class="col-name">tests-api/admin_panel/test_grades.py::TestGradesApi::()::test_EWA_1939_1995_delete_grade_id</td>
          <td class="col-duration">0.64</td>
          <td class="col-links"></td></tr>
        <tr>
          <td class="extra" colspan="4">
            <div class="empty log">No log output captured.</div></td></tr></tbody>
      <tbody class="passed results-table-row">
        <tr>
          <td class="col-result">Passed</td>
          <td class="col-name">tests-api/admin_panel/test_grades.py::TestGradesApi::()::test_EWA_1902_empty_authorization_token_deleteGrade</td>
          <td class="col-duration">0.61</td>
          <td class="col-links"></td></tr>
        <tr>
          <td class="extra" colspan="4">
            <div class="empty log">No log output captured.</div></td></tr></tbody>
      <tbody class="passed results-table-row">
        <tr>
          <td class="col-result">Passed</td>
          <td class="col-name">tests-api/admin_panel/test_grades.py::TestGradesApi::()::test_EWA_1940_delete_grade_with_deleted_id</td>
          <td class="col-duration">1.23</td>
          <td class="col-links"></td></tr>
        <tr>
          <td class="extra" colspan="4">
            <div class="empty log">No log output captured.</div></td></tr></tbody>
      <tbody class="passed results-table-row">
        <tr>
          <td class="col-result">Passed</td>
          <td class="col-name">tests-api/admin_panel/test_groups.py::TestGroupsApi::()::test_validate_Groups_schema</td>
          <td class="col-duration">0.67</td>
          <td class="col-links"></td></tr>
        <tr>
          <td class="extra" colspan="4">
            <div class="empty log">No log output captured.</div></td></tr></tbody>
      <tbody class="passed results-table-row">
        <tr>
          <td class="col-result">Passed</td>
          <td class="col-name">tests-api/admin_panel/test_groups.py::TestGroupsApi::()::test_EWA_1898_pass_invalid_authorization_token</td>
          <td class="col-duration">0.59</td>
          <td class="col-links"></td></tr>
        <tr>
          <td class="extra" colspan="4">
            <div class="empty log">No log output captured.</div></td></tr></tbody>
      <tbody class="passed results-table-row">
        <tr>
          <td class="col-result">Passed</td>
          <td class="col-name">tests-api/admin_panel/test_groups.py::TestGroupsApi::()::test_EWA_1918_null_authorization_getGroupList</td>
          <td class="col-duration">0.59</td>
          <td class="col-links"></td></tr>
        <tr>
          <td class="extra" colspan="4">
            <div class="empty log">No log output captured.</div></td></tr></tbody>
      <tbody class="passed results-table-row">
        <tr>
          <td class="col-result">Passed</td>
          <td class="col-name">tests-api/admin_panel/test_groups.py::TestGroupsApi::()::test_EWA_1916_empty_authorization_token_getGroupList</td>
          <td class="col-duration">0.59</td>
          <td class="col-links"></td></tr>
        <tr>
          <td class="extra" colspan="4">
            <div class="empty log">No log output captured.</div></td></tr></tbody>
      <tbody class="passed results-table-row">
        <tr>
          <td class="col-result">Passed</td>
          <td class="col-name">tests-api/admin_panel/test_groups.py::TestGroupsApi::()::test_EWA_1917_non_admin_token_getGroupList</td>
          <td class="col-duration">0.61</td>
          <td class="col-links"></td></tr>
        <tr>
          <td class="extra" colspan="4">
            <div class="empty log">No log output captured.</div></td></tr></tbody>
      <tbody class="passed results-table-row">
        <tr>
          <td class="col-result">Passed</td>
          <td class="col-name">tests-api/admin_panel/test_groups.py::TestGroupsApi::()::test_EWA_1927_empty_authorization_token_addNewGroup</td>
          <td class="col-duration">0.62</td>
          <td class="col-links"></td></tr>
        <tr>
          <td class="extra" colspan="4">
            <div class="empty log">No log output captured.</div></td></tr></tbody>
      <tbody class="passed results-table-row">
        <tr>
          <td class="col-result">Passed</td>
          <td class="col-name">tests-api/admin_panel/test_groups.py::TestGroupsApi::()::test_EWA_1924_invalid_authorization_token_addNewGroup</td>
          <td class="col-duration">0.57</td>
          <td class="col-links"></td></tr>
        <tr>
          <td class="extra" colspan="4">
            <div class="empty log">No log output captured.</div></td></tr></tbody>
      <tbody class="passed results-table-row">
        <tr>
          <td class="col-result">Passed</td>
          <td class="col-name">tests-api/admin_panel/test_groups.py::TestGroupsApi::()::test_EWA_1921_null_authorization_token_addNewGroup</td>
          <td class="col-duration">0.59</td>
          <td class="col-links"></td></tr>
        <tr>
          <td class="extra" colspan="4">
            <div class="empty log">No log output captured.</div></td></tr></tbody>
      <tbody class="passed results-table-row">
        <tr>
          <td class="col-result">Passed</td>
          <td class="col-name">tests-api/admin_panel/test_groups.py::TestGroupsApi::()::test_EWA_1909_1934_add_new_group[add_payload0]</td>
          <td class="col-duration">0.65</td>
          <td class="col-links"></td></tr>
        <tr>
          <td class="extra" colspan="4">
            <div class="empty log">No log output captured.</div></td></tr></tbody>
      <tbody class="passed results-table-row">
        <tr>
          <td class="col-result">Passed</td>
          <td class="col-name">tests-api/admin_panel/test_groups.py::TestGroupsApi::()::test_EWA_1909_1934_add_new_group[add_payload1]</td>
          <td class="col-duration">0.63</td>
          <td class="col-links"></td></tr>
        <tr>
          <td class="extra" colspan="4">
            <div class="empty log">No log output captured.</div></td></tr></tbody>
      <tbody class="passed results-table-row">
        <tr>
          <td class="col-result">Passed</td>
          <td class="col-name">tests-api/admin_panel/test_groups.py::TestGroupsApi::()::test_EWA_1909_1934_add_new_group[add_payload2]</td>
          <td class="col-duration">0.62</td>
          <td class="col-links"></td></tr>
        <tr>
          <td class="extra" colspan="4">
            <div class="empty log">No log output captured.</div></td></tr></tbody>
      <tbody class="passed results-table-row">
        <tr>
          <td class="col-result">Passed</td>
          <td class="col-name">tests-api/admin_panel/test_groups.py::TestGroupsApi::()::test_EWA_1909_1934_add_new_group[add_payload3]</td>
          <td class="col-duration">0.64</td>
          <td class="col-links"></td></tr>
        <tr>
          <td class="extra" colspan="4">
            <div class="empty log">No log output captured.</div></td></tr></tbody>
      <tbody class="passed results-table-row">
        <tr>
          <td class="col-result">Passed</td>
          <td class="col-name">tests-api/admin_panel/test_groups.py::TestGroupsApi::()::test_EWA_1909_1934_add_new_group[add_payload4]</td>
          <td class="col-duration">0.63</td>
          <td class="col-links"></td></tr>
        <tr>
          <td class="extra" colspan="4">
            <div class="empty log">No log output captured.</div></td></tr></tbody>
      <tbody class="passed results-table-row">
        <tr>
          <td class="col-result">Passed</td>
          <td class="col-name">tests-api/admin_panel/test_groups.py::TestGroupsApi::()::test_EWA_1909_1934_add_new_group[add_payload5]</td>
          <td class="col-duration">0.62</td>
          <td class="col-links"></td></tr>
        <tr>
          <td class="extra" colspan="4">
            <div class="empty log">No log output captured.</div></td></tr></tbody>
      <tbody class="passed results-table-row">
        <tr>
          <td class="col-result">Passed</td>
          <td class="col-name">tests-api/admin_panel/test_groups.py::TestGroupsApi::()::test_EWA_2020_create_group_with_same_name[add_payload0]</td>
          <td class="col-duration">0.62</td>
          <td class="col-links"></td></tr>
        <tr>
          <td class="extra" colspan="4">
            <div class="empty log">No log output captured.</div></td></tr></tbody>
      <tbody class="passed results-table-row">
        <tr>
          <td class="col-result">Passed</td>
          <td class="col-name">tests-api/admin_panel/test_groups.py::TestGroupsApi::()::test_EWA_2020_create_group_with_same_name[add_payload1]</td>
          <td class="col-duration">0.61</td>
          <td class="col-links"></td></tr>
        <tr>
          <td class="extra" colspan="4">
            <div class="empty log">No log output captured.</div></td></tr></tbody>
      <tbody class="passed results-table-row">
        <tr>
          <td class="col-result">Passed</td>
          <td class="col-name">tests-api/admin_panel/test_groups.py::TestGroupsApi::()::test_EWA_2020_create_group_with_same_name[add_payload2]</td>
          <td class="col-duration">0.59</td>
          <td class="col-links"></td></tr>
        <tr>
          <td class="extra" colspan="4">
            <div class="empty log">No log output captured.</div></td></tr></tbody>
      <tbody class="passed results-table-row">
        <tr>
          <td class="col-result">Passed</td>
          <td class="col-name">tests-api/admin_panel/test_groups.py::TestGroupsApi::()::test_EWA_2020_create_group_with_same_name[add_payload3]</td>
          <td class="col-duration">0.60</td>
          <td class="col-links"></td></tr>
        <tr>
          <td class="extra" colspan="4">
            <div class="empty log">No log output captured.</div></td></tr></tbody>
      <tbody class="passed results-table-row">
        <tr>
          <td class="col-result">Passed</td>
          <td class="col-name">tests-api/admin_panel/test_groups.py::TestGroupsApi::()::test_EWA_2020_create_group_with_same_name[add_payload4]</td>
          <td class="col-duration">0.59</td>
          <td class="col-links"></td></tr>
        <tr>
          <td class="extra" colspan="4">
            <div class="empty log">No log output captured.</div></td></tr></tbody>
      <tbody class="passed results-table-row">
        <tr>
          <td class="col-result">Passed</td>
          <td class="col-name">tests-api/admin_panel/test_groups.py::TestGroupsApi::()::test_EWA_2020_create_group_with_same_name[add_payload5]</td>
          <td class="col-duration">0.63</td>
          <td class="col-links"></td></tr>
        <tr>
          <td class="extra" colspan="4">
            <div class="empty log">No log output captured.</div></td></tr></tbody>
      <tbody class="passed results-table-row">
        <tr>
          <td class="col-result">Passed</td>
          <td class="col-name">tests-api/admin_panel/test_groups.py::TestGroupsApi::()::test_EWA_2021_create_group_with_same_name_different_description[add_payload0]</td>
          <td class="col-duration">0.62</td>
          <td class="col-links"></td></tr>
        <tr>
          <td class="extra" colspan="4">
            <div class="empty log">No log output captured.</div></td></tr></tbody>
      <tbody class="passed results-table-row">
        <tr>
          <td class="col-result">Passed</td>
          <td class="col-name">tests-api/admin_panel/test_groups.py::TestGroupsApi::()::test_EWA_2021_create_group_with_same_name_different_description[add_payload1]</td>
          <td class="col-duration">0.61</td>
          <td class="col-links"></td></tr>
        <tr>
          <td class="extra" colspan="4">
            <div class="empty log">No log output captured.</div></td></tr></tbody>
      <tbody class="passed results-table-row">
        <tr>
          <td class="col-result">Passed</td>
          <td class="col-name">tests-api/admin_panel/test_groups.py::TestGroupsApi::()::test_EWA_2021_create_group_with_same_name_different_description[add_payload2]</td>
          <td class="col-duration">0.62</td>
          <td class="col-links"></td></tr>
        <tr>
          <td class="extra" colspan="4">
            <div class="empty log">No log output captured.</div></td></tr></tbody>
      <tbody class="passed results-table-row">
        <tr>
          <td class="col-result">Passed</td>
          <td class="col-name">tests-api/admin_panel/test_groups.py::TestGroupsApi::()::test_EWA_2021_create_group_with_same_name_different_description[add_payload3]</td>
          <td class="col-duration">0.63</td>
          <td class="col-links"></td></tr>
        <tr>
          <td class="extra" colspan="4">
            <div class="empty log">No log output captured.</div></td></tr></tbody>
      <tbody class="passed results-table-row">
        <tr>
          <td class="col-result">Passed</td>
          <td class="col-name">tests-api/admin_panel/test_groups.py::TestGroupsApi::()::test_EWA_2021_create_group_with_same_name_different_description[add_payload4]</td>
          <td class="col-duration">0.60</td>
          <td class="col-links"></td></tr>
        <tr>
          <td class="extra" colspan="4">
            <div class="empty log">No log output captured.</div></td></tr></tbody>
      <tbody class="passed results-table-row">
        <tr>
          <td class="col-result">Passed</td>
          <td class="col-name">tests-api/admin_panel/test_groups.py::TestGroupsApi::()::test_EWA_2021_create_group_with_same_name_different_description[add_payload5]</td>
          <td class="col-duration">0.60</td>
          <td class="col-links"></td></tr>
        <tr>
          <td class="extra" colspan="4">
            <div class="empty log">No log output captured.</div></td></tr></tbody>
      <tbody class="passed results-table-row">
        <tr>
          <td class="col-result">Passed</td>
          <td class="col-name">tests-api/admin_panel/test_groups.py::TestGroupsApi::()::test_create_group_with_same_permissions[add_payload0]</td>
          <td class="col-duration">0.61</td>
          <td class="col-links"></td></tr>
        <tr>
          <td class="extra" colspan="4">
            <div class="empty log">No log output captured.</div></td></tr></tbody>
      <tbody class="passed results-table-row">
        <tr>
          <td class="col-result">Passed</td>
          <td class="col-name">tests-api/admin_panel/test_groups.py::TestGroupsApi::()::test_create_group_with_same_permissions[add_payload1]</td>
          <td class="col-duration">0.81</td>
          <td class="col-links"></td></tr>
        <tr>
          <td class="extra" colspan="4">
            <div class="empty log">No log output captured.</div></td></tr></tbody>
      <tbody class="passed results-table-row">
        <tr>
          <td class="col-result">Passed</td>
          <td class="col-name">tests-api/admin_panel/test_groups.py::TestGroupsApi::()::test_create_group_with_same_permissions[add_payload2]</td>
          <td class="col-duration">0.61</td>
          <td class="col-links"></td></tr>
        <tr>
          <td class="extra" colspan="4">
            <div class="empty log">No log output captured.</div></td></tr></tbody>
      <tbody class="passed results-table-row">
        <tr>
          <td class="col-result">Passed</td>
          <td class="col-name">tests-api/admin_panel/test_groups.py::TestGroupsApi::()::test_create_group_with_same_permissions[add_payload3]</td>
          <td class="col-duration">0.65</td>
          <td class="col-links"></td></tr>
        <tr>
          <td class="extra" colspan="4">
            <div class="empty log">No log output captured.</div></td></tr></tbody>
      <tbody class="passed results-table-row">
        <tr>
          <td class="col-result">Passed</td>
          <td class="col-name">tests-api/admin_panel/test_groups.py::TestGroupsApi::()::test_create_group_with_same_permissions[add_payload4]</td>
          <td class="col-duration">0.62</td>
          <td class="col-links"></td></tr>
        <tr>
          <td class="extra" colspan="4">
            <div class="empty log">No log output captured.</div></td></tr></tbody>
      <tbody class="passed results-table-row">
        <tr>
          <td class="col-result">Passed</td>
          <td class="col-name">tests-api/admin_panel/test_groups.py::TestGroupsApi::()::test_create_group_with_same_permissions[add_payload5]</td>
          <td class="col-duration">0.64</td>
          <td class="col-links"></td></tr>
        <tr>
          <td class="extra" colspan="4">
            <div class="empty log">No log output captured.</div></td></tr></tbody>
      <tbody class="passed results-table-row">
        <tr>
          <td class="col-result">Passed</td>
          <td class="col-name">tests-api/admin_panel/test_groups.py::TestGroupsApi::()::test_EWA_1926_empty_authorization_token_editGroup</td>
          <td class="col-duration">0.59</td>
          <td class="col-links"></td></tr>
        <tr>
          <td class="extra" colspan="4">
            <div class="empty log">No log output captured.</div></td></tr></tbody>
      <tbody class="passed results-table-row">
        <tr>
          <td class="col-result">Passed</td>
          <td class="col-name">tests-api/admin_panel/test_groups.py::TestGroupsApi::()::test_EWA_1923_invalid_authorization_token_editGroup</td>
          <td class="col-duration">0.62</td>
          <td class="col-links"></td></tr>
        <tr>
          <td class="extra" colspan="4">
            <div class="empty log">No log output captured.</div></td></tr></tbody>
      <tbody class="passed results-table-row">
        <tr>
          <td class="col-result">Passed</td>
          <td class="col-name">tests-api/admin_panel/test_groups.py::TestGroupsApi::()::test_EWA_1920_null_authorization_token_editGroup</td>
          <td class="col-duration">0.59</td>
          <td class="col-links"></td></tr>
        <tr>
          <td class="extra" colspan="4">
            <div class="empty log">No log output captured.</div></td></tr></tbody>
      <tbody class="passed results-table-row">
        <tr>
          <td class="col-result">Passed</td>
          <td class="col-name">tests-api/admin_panel/test_groups.py::TestGroupsApi::()::test_EWA_1935_pass_deleted_group_id_toedit</td>
          <td class="col-duration">1.23</td>
          <td class="col-links"></td></tr>
        <tr>
          <td class="extra" colspan="4">
            <div class="empty log">No log output captured.</div></td></tr></tbody>
      <tbody class="passed results-table-row">
        <tr>
          <td class="col-result">Passed</td>
          <td class="col-name">tests-api/admin_panel/test_groups.py::TestGroupsApi::()::test_EWA_1922_invalid_authorization_token_deleteGroup</td>
          <td class="col-duration">0.59</td>
          <td class="col-links"></td></tr>
        <tr>
          <td class="extra" colspan="4">
            <div class="empty log">No log output captured.</div></td></tr></tbody>
      <tbody class="passed results-table-row">
        <tr>
          <td class="col-result">Passed</td>
          <td class="col-name">tests-api/admin_panel/test_groups.py::TestGroupsApi::()::test_EWA_1919_null_authorization_token_deleteGroup</td>
          <td class="col-duration">0.59</td>
          <td class="col-links"></td></tr>
        <tr>
          <td class="extra" colspan="4">
            <div class="empty log">No log output captured.</div></td></tr></tbody>
      <tbody class="passed results-table-row">
        <tr>
          <td class="col-result">Passed</td>
          <td class="col-name">tests-api/admin_panel/test_groups.py::TestGroupsApi::()::test_EWA_2004_delete_group_id</td>
          <td class="col-duration">0.62</td>
          <td class="col-links"></td></tr>
        <tr>
          <td class="extra" colspan="4">
            <div class="empty log">No log output captured.</div></td></tr></tbody>
      <tbody class="passed results-table-row">
        <tr>
          <td class="col-result">Passed</td>
          <td class="col-name">tests-api/admin_panel/test_groups.py::TestGroupsApi::()::test_EWA_1925_empty_authorization_token_deleteGroup</td>
          <td class="col-duration">0.59</td>
          <td class="col-links"></td></tr>
        <tr>
          <td class="extra" colspan="4">
            <div class="empty log">No log output captured.</div></td></tr></tbody>
      <tbody class="passed results-table-row">
        <tr>
          <td class="col-result">Passed</td>
          <td class="col-name">tests-api/admin_panel/test_groups.py::TestGroupsApi::()::test_EWA_1941_delete_group_with_deleted_id</td>
          <td class="col-duration">1.24</td>
          <td class="col-links"></td></tr>
        <tr>
          <td class="extra" colspan="4">
            <div class="empty log">No log output captured.</div></td></tr></tbody>
      <tbody class="passed results-table-row">
        <tr>
          <td class="col-result">Passed</td>
          <td class="col-name">tests-api/admin_panel/test_roles.py::TestRolesApi::()::test_1976_add_new_role</td>
          <td class="col-duration">1.27</td>
          <td class="col-links"></td></tr>
        <tr>
          <td class="extra" colspan="4">
            <div class="empty log">No log output captured.</div></td></tr></tbody>
      <tbody class="passed results-table-row">
        <tr>
          <td class="col-result">Passed</td>
          <td class="col-name">tests-api/admin_panel/test_roles.py::TestRolesApi::()::test_9221_create_role_same_role</td>
          <td class="col-duration">1.24</td>
          <td class="col-links"></td></tr>
        <tr>
          <td class="extra" colspan="4">
            <div class="empty log">No log output captured.</div></td></tr></tbody>
      <tbody class="passed results-table-row">
        <tr>
          <td class="col-result">Passed</td>
          <td class="col-name">tests-api/admin_panel/test_roles.py::TestRolesApi::()::test_EWA_6076_Pass_non_org_admin_to_addRole</td>
          <td class="col-duration">0.60</td>
          <td class="col-links"></td></tr>
        <tr>
          <td class="extra" colspan="4">
            <div class="empty log">No log output captured.</div></td></tr></tbody>
      <tbody class="passed results-table-row">
        <tr>
          <td class="col-result">Passed</td>
          <td class="col-name">tests-api/admin_panel/test_roles.py::TestRolesApi::()::test_6075_Pass_inncorrect_group_ID_to_addRole</td>
          <td class="col-duration">0.63</td>
          <td class="col-links"></td></tr>
        <tr>
          <td class="extra" colspan="4">
            <div class="empty log">No log output captured.</div></td></tr></tbody>
      <tbody class="passed results-table-row">
        <tr>
          <td class="col-result">Passed</td>
          <td class="col-name">tests-api/admin_panel/test_roles.py::TestRolesApi::()::test_1969_Pass_null_authorization_token</td>
          <td class="col-duration">0.62</td>
          <td class="col-links"></td></tr>
        <tr>
          <td class="extra" colspan="4">
            <div class="empty log">No log output captured.</div></td></tr></tbody>
      <tbody class="passed results-table-row">
        <tr>
          <td class="col-result">Passed</td>
          <td class="col-name">tests-api/admin_panel/test_roles.py::TestRolesApi::()::test_1969_Pass_invalid_authorization_token</td>
          <td class="col-duration">0.64</td>
          <td class="col-links"></td></tr>
        <tr>
          <td class="extra" colspan="4">
            <div class="empty log">No log output captured.</div></td></tr></tbody>
      <tbody class="passed results-table-row">
        <tr>
          <td class="col-result">Passed</td>
          <td class="col-name">tests-api/admin_panel/test_roles.py::TestRolesApi::()::test_1965_get_all_roles</td>
          <td class="col-duration">1.92</td>
          <td class="col-links"></td></tr>
        <tr>
          <td class="extra" colspan="4">
            <div class="empty log">No log output captured.</div></td></tr></tbody>
      <tbody class="passed results-table-row">
        <tr>
          <td class="col-result">Passed</td>
          <td class="col-name">tests-api/admin_panel/test_roles.py::TestRolesApi::()::test_1980_getAllRoles_passing_empty_token</td>
          <td class="col-duration">1.21</td>
          <td class="col-links"></td></tr>
        <tr>
          <td class="extra" colspan="4">
            <div class="empty log">No log output captured.</div></td></tr></tbody>
      <tbody class="passed results-table-row">
        <tr>
          <td class="col-result">Passed</td>
          <td class="col-name">tests-api/admin_panel/test_roles.py::TestRolesApi::()::test_1981_passing_non_admin_token</td>
          <td class="col-duration">2.70</td>
          <td class="col-links"></td></tr>
        <tr>
          <td class="extra" colspan="4">
            <div class="empty log">No log output captured.</div></td></tr></tbody>
      <tbody class="passed results-table-row">
        <tr>
          <td class="col-result">Passed</td>
          <td class="col-name">tests-api/admin_panel/test_roles.py::TestRolesApi::()::test_1982_pass_null_authorization_token</td>
          <td class="col-duration">1.21</td>
          <td class="col-links"></td></tr>
        <tr>
          <td class="extra" colspan="4">
            <div class="empty log">No log output captured.</div></td></tr></tbody>
      <tbody class="passed results-table-row">
        <tr>
          <td class="col-result">Passed</td>
          <td class="col-name">tests-api/admin_panel/test_roles.py::TestRolesApi::()::test_1967_Edit_role_description</td>
          <td class="col-duration">2.59</td>
          <td class="col-links"></td></tr>
        <tr>
          <td class="extra" colspan="4">
            <div class="empty log">No log output captured.</div></td></tr></tbody>
      <tbody class="passed results-table-row">
        <tr>
          <td class="col-result">Passed</td>
          <td class="col-name">tests-api/admin_panel/test_roles.py::TestRolesApi::()::test_1968_pass_null_authorization_editRole</td>
          <td class="col-duration">1.18</td>
          <td class="col-links"></td></tr>
        <tr>
          <td class="extra" colspan="4">
            <div class="empty log">No log output captured.</div></td></tr></tbody>
      <tbody class="passed results-table-row">
        <tr>
          <td class="col-result">Passed</td>
          <td class="col-name">tests-api/admin_panel/test_roles.py::TestRolesApi::()::test_1971_pass_invalid_authorization_editRole</td>
          <td class="col-duration">1.19</td>
          <td class="col-links"></td></tr>
        <tr>
          <td class="extra" colspan="4">
            <div class="empty log">No log output captured.</div></td></tr></tbody>
      <tbody class="passed results-table-row">
        <tr>
          <td class="col-result">Passed</td>
          <td class="col-name">tests-api/admin_panel/test_roles.py::TestRolesApi::()::test_1974_pass_empty_authorization_editRole</td>
          <td class="col-duration">1.29</td>
          <td class="col-links"></td></tr>
        <tr>
          <td class="extra" colspan="4">
            <div class="empty log">No log output captured.</div></td></tr></tbody>
      <tbody class="passed results-table-row">
        <tr>
          <td class="col-result">Passed</td>
          <td class="col-name">tests-api/admin_panel/test_roles.py::TestRolesApi::()::test_automation_pass_non_admin_authorization_editRole</td>
          <td class="col-duration">1.22</td>
          <td class="col-links"></td></tr>
        <tr>
          <td class="extra" colspan="4">
            <div class="empty log">No log output captured.</div></td></tr></tbody>
      <tbody class="passed results-table-row">
        <tr>
          <td class="col-result">Passed</td>
          <td class="col-name">tests-api/admin_panel/test_roles.py::TestRolesApi::()::test_1984_pass_deletedID_to_editRole</td>
          <td class="col-duration">1.20</td>
          <td class="col-links"></td></tr>
        <tr>
          <td class="extra" colspan="4">
            <div class="empty log">No log output captured.</div></td></tr></tbody>
      <tbody class="passed results-table-row">
        <tr>
          <td class="col-result">Passed</td>
          <td class="col-name">tests-api/admin_panel/test_roles.py::TestRolesApi::()::test_EWA_1970_invalid_authorization_token_deleterole</td>
          <td class="col-duration">0.59</td>
          <td class="col-links"></td></tr>
        <tr>
          <td class="extra" colspan="4">
            <div class="empty log">No log output captured.</div></td></tr></tbody>
      <tbody class="passed results-table-row">
        <tr>
          <td class="col-result">Passed</td>
          <td class="col-name">tests-api/admin_panel/test_roles.py::TestRolesApi::()::test_EWA_1966_pass_null_authorization_token_deleterole</td>
          <td class="col-duration">0.61</td>
          <td class="col-links"></td></tr>
        <tr>
          <td class="extra" colspan="4">
            <div class="empty log">No log output captured.</div></td></tr></tbody>
      <tbody class="passed results-table-row">
        <tr>
          <td class="col-result">Passed</td>
          <td class="col-name">tests-api/admin_panel/test_roles.py::TestRolesApi::()::test_EWA_1987_delete_rol_with_deleted_id</td>
          <td class="col-duration">1.23</td>
          <td class="col-links"></td></tr>
        <tr>
          <td class="extra" colspan="4">
            <div class="empty log">No log output captured.</div></td></tr></tbody>
      <tbody class="passed results-table-row">
        <tr>
          <td class="col-result">Passed</td>
          <td class="col-name">tests-api/admin_panel/test_roles.py::TestRolesApi::()::test_EWA_1978_delete_role_id</td>
          <td class="col-duration">0.59</td>
          <td class="col-links"></td></tr>
        <tr>
          <td class="extra" colspan="4">
            <div class="empty log">No log output captured.</div></td></tr></tbody>
      <tbody class="passed results-table-row">
        <tr>
          <td class="col-result">Passed</td>
          <td class="col-name">tests-api/user_panel/test_add_employee_basic_info.py::TestEmployeeBasicData::()::test_EWA_710_check_for_missing_email</td>
          <td class="col-duration">2.48</td>
          <td class="col-links"></td></tr>
        <tr>
          <td class="extra" colspan="4">
            <div class="empty log">No log output captured.</div></td></tr></tbody>
      <tbody class="passed results-table-row">
        <tr>
          <td class="col-result">Passed</td>
          <td class="col-name">tests-api/user_panel/test_add_employee_basic_info.py::TestEmployeeBasicData::()::test_EWA_3113_pass_non_hr_token</td>
          <td class="col-duration">2.52</td>
          <td class="col-links"></td></tr>
        <tr>
          <td class="extra" colspan="4">
            <div class="empty log">No log output captured.</div></td></tr></tbody>
      <tbody class="passed results-table-row">
        <tr>
          <td class="col-result">Passed</td>
          <td class="col-name">tests-api/user_panel/test_add_employee_basic_info.py::TestEmployeeBasicData::()::test_EWA__pass_invalid_authorization_token</td>
          <td class="col-duration">2.42</td>
          <td class="col-links"></td></tr>
        <tr>
          <td class="extra" colspan="4">
            <div class="empty log">No log output captured.</div></td></tr></tbody>
      <tbody class="passed results-table-row">
        <tr>
          <td class="col-result">Passed</td>
          <td class="col-name">tests-api/user_panel/test_hr_admin_data.py::TestHrAdminData::()::test_EWA_6069_validate_groups_schema</td>
          <td class="col-duration">0.76</td>
          <td class="col-links"></td></tr>
        <tr>
          <td class="extra" colspan="4">
            <div class="empty log">No log output captured.</div></td></tr></tbody>
      <tbody class="passed results-table-row">
        <tr>
          <td class="col-result">Passed</td>
          <td class="col-name">tests-api/user_panel/test_hr_admin_data.py::TestHrAdminData::()::test_EWA_6070_non_hr_token</td>
          <td class="col-duration">0.60</td>
          <td class="col-links"></td></tr>
        <tr>
          <td class="extra" colspan="4">
            <div class="empty log">No log output captured.</div></td></tr></tbody>
      <tbody class="passed results-table-row">
        <tr>
          <td class="col-result">Passed</td>
          <td class="col-name">tests-api/user_panel/test_hr_admin_data.py::TestHrAdminData::()::test_EWA_6072_pass_invalid_authorization_token</td>
          <td class="col-duration">0.59</td>
          <td class="col-links"></td></tr>
        <tr>
          <td class="extra" colspan="4">
            <div class="empty log">No log output captured.</div></td></tr></tbody>
      <tbody class="passed results-table-row">
        <tr>
          <td class="col-result">Passed</td>
          <td class="col-name">tests-api/user_panel/test_hr_admin_data.py::TestHrAdminData::()::test_EWA_6071_pass_null_authorization_token</td>
          <td class="col-duration">0.62</td>
          <td class="col-links"></td></tr>
        <tr>
          <td class="extra" colspan="4">
            <div class="empty log">No log output captured.</div></td></tr></tbody>
      <tbody class="passed results-table-row">
        <tr>
          <td class="col-result">Passed</td>
          <td class="col-name">tests-api/user_panel/test_hr_admin_data.py::TestHrAdminData::()::test_EWA_6073_pass_empty_authorization_token</td>
          <td class="col-duration">1.24</td>
          <td class="col-links"></td></tr>
        <tr>
          <td class="extra" colspan="4">
            <div class="empty log">No log output captured.</div></td></tr></tbody></table></body></html>